<component name="libraryTable">
  <library name="junit-jupiter-engine-5.0.0">
    <CLASSES>
      <root url="jar://$USER_HOME$/Downloads/junit-jupiter-engine-5.0.0.jar!/" />
      <root url="jar://$USER_HOME$/Downloads/junit-jupiter-api-5.11.3.jar!/" />
    </CLASSES>
    <JAVADOC />
    <SOURCES />
  </library>
</component>